{"C:\\Users\\alejandro.arango\\Documents\\Devin\\PoC-Devin\\frontend\\src\\styles\\design-tokens.ts": {"path":"C:\\Users\\alejandro.arango\\Documents\\Devin\\PoC-Devin\\frontend\\src\\styles\\design-tokens.ts","statementMap":{"0":{"start":{"line":1,"column":0},"end":{"line":1,"column":null}},"1":{"start":{"line":14,"column":22},"end":{"line":21,"column":null}},"2":{"start":{"line":24,"column":21},"end":{"line":27,"column":null}},"3":{"start":{"line":30,"column":27},"end":{"line":36,"column":null}},"4":{"start":{"line":39,"column":23},"end":{"line":46,"column":null}},"5":{"start":{"line":49,"column":21},"end":{"line":54,"column":null}},"6":{"start":{"line":57,"column":28},"end":{"line":63,"column":null}},"7":{"start":{"line":63,"column":0},"end":{"line":63,"column":null}}},"fnMap":{"0":{"name":"(anonymous_1)","decl":{"start":{"line":1,"column":0},"end":{"line":1,"column":null}},"loc":{"start":{"line":1,"column":0},"end":{"line":1,"column":null}}}},"branchMap":{"0":{"loc":{"start":{"line":1,"column":0},"end":{"line":1,"column":null}},"type":"if","locations":[{"start":{"line":1,"column":0},"end":{"line":1,"column":null}}]},"1":{"loc":{"start":{"line":1,"column":0},"end":{"line":1,"column":null}},"type":"binary-expr","locations":[{"start":{"line":1,"column":0},"end":{"line":1,"column":null}},{"start":{"line":1,"column":0},"end":{"line":1,"column":null}},{"start":{"line":1,"column":0},"end":{"line":1,"column":null}}]},"2":{"loc":{"start":{"line":1,"column":0},"end":{"line":1,"column":null}},"type":"binary-expr","locations":[{"start":{"line":1,"column":0},"end":{"line":1,"column":null}},{"start":{"line":1,"column":0},"end":{"line":1,"column":null}}]},"3":{"loc":{"start":{"line":63,"column":0},"end":{"line":63,"column":null}},"type":"binary-expr","locations":[{"start":{"line":63,"column":0},"end":{"line":63,"column":null}},{"start":{"line":63,"column":0},"end":{"line":63,"column":null}}]}},"s":{"0":79,"1":1,"2":1,"3":1,"4":1,"5":1,"6":1,"7":1},"f":{"0":49},"b":{"0":[7],"1":[1,1,0],"2":[12,12],"3":[1,0]}}
}
