{"C:\\Users\\alejandro.arango\\Documents\\Devin\\PoC-Devin\\frontend\\src\\styles\\design-tokens.ts":{"path":"C:\\Users\\alejandro.arango\\Documents\\Devin\\PoC-Devin\\frontend\\src\\styles\\design-tokens.ts","statementMap":{"0":{"start":{"line":1,"column":0},"end":{"line":1,"column":111}},"1":{"start":{"line":1,"column":111},"end":{"line":3,"column":4}},"2":{"start":{"line":2,"column":27},"end":{"line":2,"column":48}},"3":{"start":{"line":2,"column":70},"end":{"line":2,"column":101}},"4":{"start":{"line":2,"column":124},"end":{"line":2,"column":150}},"5":{"start":{"line":2,"column":168},"end":{"line":2,"column":199}},"6":{"start":{"line":2,"column":213},"end":{"line":2,"column":303}},"7":{"start":{"line":2,"column":228},"end":{"line":2,"column":302}},"8":{"start":{"line":2,"column":248},"end":{"line":2,"column":302}},"9":{"start":{"line":2,"column":320},"end":{"line":2,"column":597}},"10":{"start":{"line":2,"column":344},"end":{"line":2,"column":587}},"11":{"start":{"line":2,"column":403},"end":{"line":2,"column":586}},"12":{"start":{"line":2,"column":442},"end":{"line":2,"column":586}},"13":{"start":{"line":2,"column":486},"end":{"line":2,"column":586}},"14":{"start":{"line":2,"column":512},"end":{"line":2,"column":521}},"15":{"start":{"line":2,"column":587},"end":{"line":2,"column":596}},"16":{"start":{"line":2,"column":615},"end":{"line":2,"column":676}},"17":{"start":{"line":2,"column":620},"end":{"line":2,"column":676}},"18":{"start":{"line":2,"column":703},"end":{"line":2,"column":705}},"19":{"start":{"line":2,"column":706},"end":{"line":2,"column":868}},"20":{"start":{"line":2,"column":749},"end":{"line":2,"column":755}},"21":{"start":{"line":2,"column":773},"end":{"line":2,"column":785}},"22":{"start":{"line":2,"column":802},"end":{"line":2,"column":813}},"23":{"start":{"line":2,"column":824},"end":{"line":2,"column":829}},"24":{"start":{"line":2,"column":840},"end":{"line":2,"column":845}},"25":{"start":{"line":2,"column":858},"end":{"line":2,"column":865}},"26":{"start":{"line":2,"column":868},"end":{"line":2,"column":919}},"27":{"start":{"line":2,"column":932},"end":{"line":2,"column":988}},"28":{"start":{"line":2,"column":1001},"end":{"line":2,"column":1053}},"29":{"start":{"line":2,"column":1072},"end":{"line":2,"column":1128}},"30":{"start":{"line":2,"column":1143},"end":{"line":2,"column":1205}},"31":{"start":{"line":2,"column":1218},"end":{"line":2,"column":1261}},"32":{"start":{"line":2,"column":1281},"end":{"line":2,"column":1321}},"33":{"start":{"line":2,"column":1322},"end":{"line":2,"column":1396}}},"fnMap":{"0":{"name":"(anonymous_0)","decl":{"start":{"line":1,"column":112},"end":{"line":1,"column":113}},"loc":{"start":{"line":1,"column":116},"end":{"line":3,"column":1}},"line":1},"1":{"name":"(anonymous_1)","decl":{"start":{"line":2,"column":213},"end":{"line":2,"column":214}},"loc":{"start":{"line":2,"column":227},"end":{"line":2,"column":303}},"line":2},"2":{"name":"(anonymous_2)","decl":{"start":{"line":2,"column":320},"end":{"line":2,"column":321}},"loc":{"start":{"line":2,"column":343},"end":{"line":2,"column":597}},"line":2},"3":{"name":"(anonymous_3)","decl":{"start":{"line":2,"column":508},"end":{"line":2,"column":509}},"loc":{"start":{"line":2,"column":512},"end":{"line":2,"column":521}},"line":2},"4":{"name":"(anonymous_4)","decl":{"start":{"line":2,"column":615},"end":{"line":2,"column":616}},"loc":{"start":{"line":2,"column":620},"end":{"line":2,"column":676}},"line":2},"5":{"name":"(anonymous_5)","decl":{"start":{"line":2,"column":745},"end":{"line":2,"column":746}},"loc":{"start":{"line":2,"column":749},"end":{"line":2,"column":755}},"line":2},"6":{"name":"(anonymous_6)","decl":{"start":{"line":2,"column":769},"end":{"line":2,"column":770}},"loc":{"start":{"line":2,"column":773},"end":{"line":2,"column":785}},"line":2},"7":{"name":"(anonymous_7)","decl":{"start":{"line":2,"column":798},"end":{"line":2,"column":799}},"loc":{"start":{"line":2,"column":802},"end":{"line":2,"column":813}},"line":2},"8":{"name":"(anonymous_8)","decl":{"start":{"line":2,"column":820},"end":{"line":2,"column":821}},"loc":{"start":{"line":2,"column":824},"end":{"line":2,"column":829}},"line":2},"9":{"name":"(anonymous_9)","decl":{"start":{"line":2,"column":836},"end":{"line":2,"column":837}},"loc":{"start":{"line":2,"column":840},"end":{"line":2,"column":845}},"line":2},"10":{"name":"(anonymous_10)","decl":{"start":{"line":2,"column":854},"end":{"line":2,"column":855}},"loc":{"start":{"line":2,"column":858},"end":{"line":2,"column":865}},"line":2}},"branchMap":{"0":{"loc":{"start":{"line":2,"column":344},"end":{"line":2,"column":587}},"type":"if","locations":[{"start":{"line":2,"column":344},"end":{"line":2,"column":587}},{"start":{},"end":{}}],"line":2},"1":{"loc":{"start":{"line":2,"column":347},"end":{"line":2,"column":401}},"type":"binary-expr","locations":[{"start":{"line":2,"column":347},"end":{"line":2,"column":351}},{"start":{"line":2,"column":353},"end":{"line":2,"column":375}},{"start":{"line":2,"column":377},"end":{"line":2,"column":401}}],"line":2},"2":{"loc":{"start":{"line":2,"column":442},"end":{"line":2,"column":586}},"type":"if","locations":[{"start":{"line":2,"column":442},"end":{"line":2,"column":586}},{"start":{},"end":{}}],"line":2},"3":{"loc":{"start":{"line":2,"column":445},"end":{"line":2,"column":485}},"type":"binary-expr","locations":[{"start":{"line":2,"column":445},"end":{"line":2,"column":471}},{"start":{"line":2,"column":473},"end":{"line":2,"column":485}}],"line":2},"4":{"loc":{"start":{"line":2,"column":533},"end":{"line":2,"column":584}},"type":"binary-expr","locations":[{"start":{"line":2,"column":533},"end":{"line":2,"column":567}},{"start":{"line":2,"column":569},"end":{"line":2,"column":584}}],"line":2},"5":{"loc":{"start":{"line":2,"column":1322},"end":{"line":2,"column":1395}},"type":"binary-expr","locations":[{"start":{"line":2,"column":1322},"end":{"line":2,"column":1323}},{"start":{"line":2,"column":1326},"end":{"line":2,"column":1394}}],"line":2}},"s":{"0":1,"1":1,"2":1,"3":1,"4":1,"5":1,"6":1,"7":1,"8":6,"9":1,"10":1,"11":1,"12":6,"13":6,"14":23,"15":1,"16":1,"17":1,"18":1,"19":1,"20":5,"21":5,"22":7,"23":2,"24":2,"25":2,"26":1,"27":1,"28":1,"29":1,"30":1,"31":1,"32":1,"33":1},"f":{"0":1,"1":1,"2":1,"3":23,"4":1,"5":5,"6":5,"7":7,"8":2,"9":2,"10":2},"b":{"0":[1,0],"1":[1,1,0],"2":[6,0],"3":[6,6],"4":[6,6],"5":[1,0]},"inputSourceMap":{"version":3,"mappings":";qqBAAA,kPAaO,MAAM,OAAS,CAEpB,QAAS,UAET,OAAQ,UAER,UAAW,SACb,EAGO,MAAM,MAAQ,CAEnB,KAAM,6CACR,EAGO,MAAM,YAAc,CACzB,MAAO,IACP,QAAS,IACT,OAAQ,IACR,SAAU,IACV,KAAM,GACR,EAGO,MAAM,QAAU,CACrB,GAAI,MACJ,GAAI,MACJ,GAAI,OACJ,GAAI,OACJ,GAAI,OACJ,MAAO,MACT,EAGO,MAAM,MAAQ,CACnB,GAAI,MACJ,GAAI,MACJ,GAAI,OACJ,KAAM,QACR,EAGO,MAAM,aAAe,CAC1B,OACA,MACA,YACA,QACA,KACF","names":[],"ignoreList":[],"sources":["C:\\Users\\alejandro.arango\\Documents\\Devin\\PoC-Devin\\frontend\\src\\styles\\design-tokens.ts"],"sourcesContent":[null]},"_coverageSchema":"1a1c01bbd47fc00a2c39e90264f33305004495a9","hash":"0ff79b02716b55c0bc26c3cd9a1c1610fba2f15e","contentHash":"0d342f8c48f7be3209d6ff7fa50630014a192fa78135cca2141edf3c65d892c6"}}